Determining if the pthread_create exist failed with the following output:
Change Dir: /home/mrjohd/Quadrupeds_ws/build_isolated/spot_description/CMakeFiles/CMakeTmp

Run Build Command:"/usr/bin/make" "cmTC_e5fca/fast"
/usr/bin/make -f CMakeFiles/cmTC_e5fca.dir/build.make CMakeFiles/cmTC_e5fca.dir/build
make[1]: 디렉터리 '/home/mrjohd/Quadrupeds_ws/build_isolated/spot_description/CMakeFiles/CMakeTmp' 들어감
Building C object CMakeFiles/cmTC_e5fca.dir/CheckSymbolExists.c.o
/usr/bin/cc    -o CMakeFiles/cmTC_e5fca.dir/CheckSymbolExists.c.o   -c /home/mrjohd/Quadrupeds_ws/build_isolated/spot_description/CMakeFiles/CMakeTmp/CheckSymbolExists.c
Linking C executable cmTC_e5fca
/usr/bin/cmake -E cmake_link_script CMakeFiles/cmTC_e5fca.dir/link.txt --verbose=1
/usr/bin/cc      -rdynamic CMakeFiles/cmTC_e5fca.dir/CheckSymbolExists.c.o  -o cmTC_e5fca 
CMakeFiles/cmTC_e5fca.dir/CheckSymbolExists.c.o: In function `main':
CheckSymbolExists.c:(.text+0x1b): undefined reference to `pthread_create'
collect2: error: ld returned 1 exit status
CMakeFiles/cmTC_e5fca.dir/build.make:97: recipe for target 'cmTC_e5fca' failed
make[1]: *** [cmTC_e5fca] Error 1
make[1]: 디렉터리 '/home/mrjohd/Quadrupeds_ws/build_isolated/spot_description/CMakeFiles/CMakeTmp' 나감
Makefile:126: recipe for target 'cmTC_e5fca/fast' failed
make: *** [cmTC_e5fca/fast] Error 2

File /home/mrjohd/Quadrupeds_ws/build_isolated/spot_description/CMakeFiles/CMakeTmp/CheckSymbolExists.c:
/* */
#include <pthread.h>

int main(int argc, char** argv)
{
  (void)argv;
#ifndef pthread_create
  return ((int*)(&pthread_create))[argc];
#else
  (void)argc;
  return 0;
#endif
}

Determining if the function pthread_create exists in the pthreads failed with the following output:
Change Dir: /home/mrjohd/Quadrupeds_ws/build_isolated/spot_description/CMakeFiles/CMakeTmp

Run Build Command:"/usr/bin/make" "cmTC_c129f/fast"
/usr/bin/make -f CMakeFiles/cmTC_c129f.dir/build.make CMakeFiles/cmTC_c129f.dir/build
make[1]: 디렉터리 '/home/mrjohd/Quadrupeds_ws/build_isolated/spot_description/CMakeFiles/CMakeTmp' 들어감
Building C object CMakeFiles/cmTC_c129f.dir/CheckFunctionExists.c.o
/usr/bin/cc   -DCHECK_FUNCTION_EXISTS=pthread_create   -o CMakeFiles/cmTC_c129f.dir/CheckFunctionExists.c.o   -c /usr/share/cmake-3.10/Modules/CheckFunctionExists.c
Linking C executable cmTC_c129f
/usr/bin/cmake -E cmake_link_script CMakeFiles/cmTC_c129f.dir/link.txt --verbose=1
/usr/bin/cc  -DCHECK_FUNCTION_EXISTS=pthread_create    -rdynamic CMakeFiles/cmTC_c129f.dir/CheckFunctionExists.c.o  -o cmTC_c129f -lpthreads 
/usr/bin/ld: cannot find -lpthreads
collect2: error: ld returned 1 exit status
CMakeFiles/cmTC_c129f.dir/build.make:97: recipe for target 'cmTC_c129f' failed
make[1]: *** [cmTC_c129f] Error 1
make[1]: 디렉터리 '/home/mrjohd/Quadrupeds_ws/build_isolated/spot_description/CMakeFiles/CMakeTmp' 나감
Makefile:126: recipe for target 'cmTC_c129f/fast' failed
make: *** [cmTC_c129f/fast] Error 2


