Determining if the pthread_create exist failed with the following output:
Change Dir: /home/mrjohd/Quadrupeds_ws/build_isolated/champ/CMakeFiles/CMakeTmp

Run Build Command:"/usr/bin/make" "cmTC_7db7e/fast"
/usr/bin/make -f CMakeFiles/cmTC_7db7e.dir/build.make CMakeFiles/cmTC_7db7e.dir/build
make[1]: 디렉터리 '/home/mrjohd/Quadrupeds_ws/build_isolated/champ/CMakeFiles/CMakeTmp' 들어감
Building C object CMakeFiles/cmTC_7db7e.dir/CheckSymbolExists.c.o
/usr/bin/cc    -o CMakeFiles/cmTC_7db7e.dir/CheckSymbolExists.c.o   -c /home/mrjohd/Quadrupeds_ws/build_isolated/champ/CMakeFiles/CMakeTmp/CheckSymbolExists.c
Linking C executable cmTC_7db7e
/usr/bin/cmake -E cmake_link_script CMakeFiles/cmTC_7db7e.dir/link.txt --verbose=1
/usr/bin/cc      -rdynamic CMakeFiles/cmTC_7db7e.dir/CheckSymbolExists.c.o  -o cmTC_7db7e 
CMakeFiles/cmTC_7db7e.dir/CheckSymbolExists.c.o: In function `main':
CheckSymbolExists.c:(.text+0x1b): undefined reference to `pthread_create'
collect2: error: ld returned 1 exit status
CMakeFiles/cmTC_7db7e.dir/build.make:97: recipe for target 'cmTC_7db7e' failed
make[1]: *** [cmTC_7db7e] Error 1
make[1]: 디렉터리 '/home/mrjohd/Quadrupeds_ws/build_isolated/champ/CMakeFiles/CMakeTmp' 나감
Makefile:126: recipe for target 'cmTC_7db7e/fast' failed
make: *** [cmTC_7db7e/fast] Error 2

File /home/mrjohd/Quadrupeds_ws/build_isolated/champ/CMakeFiles/CMakeTmp/CheckSymbolExists.c:
/* */
#include <pthread.h>

int main(int argc, char** argv)
{
  (void)argv;
#ifndef pthread_create
  return ((int*)(&pthread_create))[argc];
#else
  (void)argc;
  return 0;
#endif
}

Determining if the function pthread_create exists in the pthreads failed with the following output:
Change Dir: /home/mrjohd/Quadrupeds_ws/build_isolated/champ/CMakeFiles/CMakeTmp

Run Build Command:"/usr/bin/make" "cmTC_8b136/fast"
/usr/bin/make -f CMakeFiles/cmTC_8b136.dir/build.make CMakeFiles/cmTC_8b136.dir/build
make[1]: 디렉터리 '/home/mrjohd/Quadrupeds_ws/build_isolated/champ/CMakeFiles/CMakeTmp' 들어감
Building C object CMakeFiles/cmTC_8b136.dir/CheckFunctionExists.c.o
/usr/bin/cc   -DCHECK_FUNCTION_EXISTS=pthread_create   -o CMakeFiles/cmTC_8b136.dir/CheckFunctionExists.c.o   -c /usr/share/cmake-3.10/Modules/CheckFunctionExists.c
Linking C executable cmTC_8b136
/usr/bin/cmake -E cmake_link_script CMakeFiles/cmTC_8b136.dir/link.txt --verbose=1
/usr/bin/cc  -DCHECK_FUNCTION_EXISTS=pthread_create    -rdynamic CMakeFiles/cmTC_8b136.dir/CheckFunctionExists.c.o  -o cmTC_8b136 -lpthreads 
/usr/bin/ld: cannot find -lpthreads
collect2: error: ld returned 1 exit status
CMakeFiles/cmTC_8b136.dir/build.make:97: recipe for target 'cmTC_8b136' failed
make[1]: *** [cmTC_8b136] Error 1
make[1]: 디렉터리 '/home/mrjohd/Quadrupeds_ws/build_isolated/champ/CMakeFiles/CMakeTmp' 나감
Makefile:126: recipe for target 'cmTC_8b136/fast' failed
make: *** [cmTC_8b136/fast] Error 2


