Determining if the pthread_create exist failed with the following output:
Change Dir: /home/mrjohd/Quadrupeds_ws/build_isolated/anymal_b_simple_description/CMakeFiles/CMakeTmp

Run Build Command:"/usr/bin/make" "cmTC_9652d/fast"
/usr/bin/make -f CMakeFiles/cmTC_9652d.dir/build.make CMakeFiles/cmTC_9652d.dir/build
make[1]: 디렉터리 '/home/mrjohd/Quadrupeds_ws/build_isolated/anymal_b_simple_description/CMakeFiles/CMakeTmp' 들어감
Building C object CMakeFiles/cmTC_9652d.dir/CheckSymbolExists.c.o
/usr/bin/cc    -o CMakeFiles/cmTC_9652d.dir/CheckSymbolExists.c.o   -c /home/mrjohd/Quadrupeds_ws/build_isolated/anymal_b_simple_description/CMakeFiles/CMakeTmp/CheckSymbolExists.c
Linking C executable cmTC_9652d
/usr/bin/cmake -E cmake_link_script CMakeFiles/cmTC_9652d.dir/link.txt --verbose=1
/usr/bin/cc      -rdynamic CMakeFiles/cmTC_9652d.dir/CheckSymbolExists.c.o  -o cmTC_9652d 
CMakeFiles/cmTC_9652d.dir/CheckSymbolExists.c.o: In function `main':
CheckSymbolExists.c:(.text+0x1b): undefined reference to `pthread_create'
collect2: error: ld returned 1 exit status
CMakeFiles/cmTC_9652d.dir/build.make:97: recipe for target 'cmTC_9652d' failed
make[1]: *** [cmTC_9652d] Error 1
make[1]: 디렉터리 '/home/mrjohd/Quadrupeds_ws/build_isolated/anymal_b_simple_description/CMakeFiles/CMakeTmp' 나감
Makefile:126: recipe for target 'cmTC_9652d/fast' failed
make: *** [cmTC_9652d/fast] Error 2

File /home/mrjohd/Quadrupeds_ws/build_isolated/anymal_b_simple_description/CMakeFiles/CMakeTmp/CheckSymbolExists.c:
/* */
#include <pthread.h>

int main(int argc, char** argv)
{
  (void)argv;
#ifndef pthread_create
  return ((int*)(&pthread_create))[argc];
#else
  (void)argc;
  return 0;
#endif
}

Determining if the function pthread_create exists in the pthreads failed with the following output:
Change Dir: /home/mrjohd/Quadrupeds_ws/build_isolated/anymal_b_simple_description/CMakeFiles/CMakeTmp

Run Build Command:"/usr/bin/make" "cmTC_797ec/fast"
/usr/bin/make -f CMakeFiles/cmTC_797ec.dir/build.make CMakeFiles/cmTC_797ec.dir/build
make[1]: 디렉터리 '/home/mrjohd/Quadrupeds_ws/build_isolated/anymal_b_simple_description/CMakeFiles/CMakeTmp' 들어감
Building C object CMakeFiles/cmTC_797ec.dir/CheckFunctionExists.c.o
/usr/bin/cc   -DCHECK_FUNCTION_EXISTS=pthread_create   -o CMakeFiles/cmTC_797ec.dir/CheckFunctionExists.c.o   -c /usr/share/cmake-3.10/Modules/CheckFunctionExists.c
Linking C executable cmTC_797ec
/usr/bin/cmake -E cmake_link_script CMakeFiles/cmTC_797ec.dir/link.txt --verbose=1
/usr/bin/cc  -DCHECK_FUNCTION_EXISTS=pthread_create    -rdynamic CMakeFiles/cmTC_797ec.dir/CheckFunctionExists.c.o  -o cmTC_797ec -lpthreads 
/usr/bin/ld: cannot find -lpthreads
collect2: error: ld returned 1 exit status
CMakeFiles/cmTC_797ec.dir/build.make:97: recipe for target 'cmTC_797ec' failed
make[1]: *** [cmTC_797ec] Error 1
make[1]: 디렉터리 '/home/mrjohd/Quadrupeds_ws/build_isolated/anymal_b_simple_description/CMakeFiles/CMakeTmp' 나감
Makefile:126: recipe for target 'cmTC_797ec/fast' failed
make: *** [cmTC_797ec/fast] Error 2


