Determining if the pthread_create exist failed with the following output:
Change Dir: /home/mrjohd/Quadrupeds_ws/build_isolated/champ_setup_assistant/CMakeFiles/CMakeTmp

Run Build Command:"/usr/bin/make" "cmTC_954b7/fast"
/usr/bin/make -f CMakeFiles/cmTC_954b7.dir/build.make CMakeFiles/cmTC_954b7.dir/build
make[1]: 디렉터리 '/home/mrjohd/Quadrupeds_ws/build_isolated/champ_setup_assistant/CMakeFiles/CMakeTmp' 들어감
Building C object CMakeFiles/cmTC_954b7.dir/CheckSymbolExists.c.o
/usr/bin/cc    -o CMakeFiles/cmTC_954b7.dir/CheckSymbolExists.c.o   -c /home/mrjohd/Quadrupeds_ws/build_isolated/champ_setup_assistant/CMakeFiles/CMakeTmp/CheckSymbolExists.c
Linking C executable cmTC_954b7
/usr/bin/cmake -E cmake_link_script CMakeFiles/cmTC_954b7.dir/link.txt --verbose=1
/usr/bin/cc      -rdynamic CMakeFiles/cmTC_954b7.dir/CheckSymbolExists.c.o  -o cmTC_954b7 
CMakeFiles/cmTC_954b7.dir/CheckSymbolExists.c.o: In function `main':
CheckSymbolExists.c:(.text+0x1b): undefined reference to `pthread_create'
collect2: error: ld returned 1 exit status
CMakeFiles/cmTC_954b7.dir/build.make:97: recipe for target 'cmTC_954b7' failed
make[1]: *** [cmTC_954b7] Error 1
make[1]: 디렉터리 '/home/mrjohd/Quadrupeds_ws/build_isolated/champ_setup_assistant/CMakeFiles/CMakeTmp' 나감
Makefile:126: recipe for target 'cmTC_954b7/fast' failed
make: *** [cmTC_954b7/fast] Error 2

File /home/mrjohd/Quadrupeds_ws/build_isolated/champ_setup_assistant/CMakeFiles/CMakeTmp/CheckSymbolExists.c:
/* */
#include <pthread.h>

int main(int argc, char** argv)
{
  (void)argv;
#ifndef pthread_create
  return ((int*)(&pthread_create))[argc];
#else
  (void)argc;
  return 0;
#endif
}

Determining if the function pthread_create exists in the pthreads failed with the following output:
Change Dir: /home/mrjohd/Quadrupeds_ws/build_isolated/champ_setup_assistant/CMakeFiles/CMakeTmp

Run Build Command:"/usr/bin/make" "cmTC_d324b/fast"
/usr/bin/make -f CMakeFiles/cmTC_d324b.dir/build.make CMakeFiles/cmTC_d324b.dir/build
make[1]: 디렉터리 '/home/mrjohd/Quadrupeds_ws/build_isolated/champ_setup_assistant/CMakeFiles/CMakeTmp' 들어감
Building C object CMakeFiles/cmTC_d324b.dir/CheckFunctionExists.c.o
/usr/bin/cc   -DCHECK_FUNCTION_EXISTS=pthread_create   -o CMakeFiles/cmTC_d324b.dir/CheckFunctionExists.c.o   -c /usr/share/cmake-3.10/Modules/CheckFunctionExists.c
Linking C executable cmTC_d324b
/usr/bin/cmake -E cmake_link_script CMakeFiles/cmTC_d324b.dir/link.txt --verbose=1
/usr/bin/cc  -DCHECK_FUNCTION_EXISTS=pthread_create    -rdynamic CMakeFiles/cmTC_d324b.dir/CheckFunctionExists.c.o  -o cmTC_d324b -lpthreads 
/usr/bin/ld: cannot find -lpthreads
collect2: error: ld returned 1 exit status
CMakeFiles/cmTC_d324b.dir/build.make:97: recipe for target 'cmTC_d324b' failed
make[1]: *** [cmTC_d324b] Error 1
make[1]: 디렉터리 '/home/mrjohd/Quadrupeds_ws/build_isolated/champ_setup_assistant/CMakeFiles/CMakeTmp' 나감
Makefile:126: recipe for target 'cmTC_d324b/fast' failed
make: *** [cmTC_d324b/fast] Error 2


