Determining if the pthread_create exist failed with the following output:
Change Dir: /home/mrjohd/Quadrupeds_ws/build_isolated/xpp_vis/CMakeFiles/CMakeTmp

Run Build Command:"/usr/bin/make" "cmTC_b58eb/fast"
/usr/bin/make -f CMakeFiles/cmTC_b58eb.dir/build.make CMakeFiles/cmTC_b58eb.dir/build
make[1]: 디렉터리 '/home/mrjohd/Quadrupeds_ws/build_isolated/xpp_vis/CMakeFiles/CMakeTmp' 들어감
Building C object CMakeFiles/cmTC_b58eb.dir/CheckSymbolExists.c.o
/usr/bin/cc    -o CMakeFiles/cmTC_b58eb.dir/CheckSymbolExists.c.o   -c /home/mrjohd/Quadrupeds_ws/build_isolated/xpp_vis/CMakeFiles/CMakeTmp/CheckSymbolExists.c
Linking C executable cmTC_b58eb
/usr/bin/cmake -E cmake_link_script CMakeFiles/cmTC_b58eb.dir/link.txt --verbose=1
/usr/bin/cc      -rdynamic CMakeFiles/cmTC_b58eb.dir/CheckSymbolExists.c.o  -o cmTC_b58eb 
CMakeFiles/cmTC_b58eb.dir/CheckSymbolExists.c.o: In function `main':
CheckSymbolExists.c:(.text+0x1b): undefined reference to `pthread_create'
collect2: error: ld returned 1 exit status
CMakeFiles/cmTC_b58eb.dir/build.make:97: recipe for target 'cmTC_b58eb' failed
make[1]: *** [cmTC_b58eb] Error 1
make[1]: 디렉터리 '/home/mrjohd/Quadrupeds_ws/build_isolated/xpp_vis/CMakeFiles/CMakeTmp' 나감
Makefile:126: recipe for target 'cmTC_b58eb/fast' failed
make: *** [cmTC_b58eb/fast] Error 2

File /home/mrjohd/Quadrupeds_ws/build_isolated/xpp_vis/CMakeFiles/CMakeTmp/CheckSymbolExists.c:
/* */
#include <pthread.h>

int main(int argc, char** argv)
{
  (void)argv;
#ifndef pthread_create
  return ((int*)(&pthread_create))[argc];
#else
  (void)argc;
  return 0;
#endif
}

Determining if the function pthread_create exists in the pthreads failed with the following output:
Change Dir: /home/mrjohd/Quadrupeds_ws/build_isolated/xpp_vis/CMakeFiles/CMakeTmp

Run Build Command:"/usr/bin/make" "cmTC_3fffa/fast"
/usr/bin/make -f CMakeFiles/cmTC_3fffa.dir/build.make CMakeFiles/cmTC_3fffa.dir/build
make[1]: 디렉터리 '/home/mrjohd/Quadrupeds_ws/build_isolated/xpp_vis/CMakeFiles/CMakeTmp' 들어감
Building C object CMakeFiles/cmTC_3fffa.dir/CheckFunctionExists.c.o
/usr/bin/cc   -DCHECK_FUNCTION_EXISTS=pthread_create   -o CMakeFiles/cmTC_3fffa.dir/CheckFunctionExists.c.o   -c /usr/share/cmake-3.10/Modules/CheckFunctionExists.c
Linking C executable cmTC_3fffa
/usr/bin/cmake -E cmake_link_script CMakeFiles/cmTC_3fffa.dir/link.txt --verbose=1
/usr/bin/cc  -DCHECK_FUNCTION_EXISTS=pthread_create    -rdynamic CMakeFiles/cmTC_3fffa.dir/CheckFunctionExists.c.o  -o cmTC_3fffa -lpthreads 
/usr/bin/ld: cannot find -lpthreads
collect2: error: ld returned 1 exit status
CMakeFiles/cmTC_3fffa.dir/build.make:97: recipe for target 'cmTC_3fffa' failed
make[1]: *** [cmTC_3fffa] Error 1
make[1]: 디렉터리 '/home/mrjohd/Quadrupeds_ws/build_isolated/xpp_vis/CMakeFiles/CMakeTmp' 나감
Makefile:126: recipe for target 'cmTC_3fffa/fast' failed
make: *** [cmTC_3fffa/fast] Error 2


