Determining if the pthread_create exist failed with the following output:
Change Dir: /home/mrjohd/Quadrupeds_ws/build_isolated/xpp_popi/CMakeFiles/CMakeTmp

Run Build Command:"/usr/bin/make" "cmTC_7a3ae/fast"
/usr/bin/make -f CMakeFiles/cmTC_7a3ae.dir/build.make CMakeFiles/cmTC_7a3ae.dir/build
make[1]: 디렉터리 '/home/mrjohd/Quadrupeds_ws/build_isolated/xpp_popi/CMakeFiles/CMakeTmp' 들어감
Building C object CMakeFiles/cmTC_7a3ae.dir/CheckSymbolExists.c.o
/usr/bin/cc    -o CMakeFiles/cmTC_7a3ae.dir/CheckSymbolExists.c.o   -c /home/mrjohd/Quadrupeds_ws/build_isolated/xpp_popi/CMakeFiles/CMakeTmp/CheckSymbolExists.c
Linking C executable cmTC_7a3ae
/usr/bin/cmake -E cmake_link_script CMakeFiles/cmTC_7a3ae.dir/link.txt --verbose=1
/usr/bin/cc      -rdynamic CMakeFiles/cmTC_7a3ae.dir/CheckSymbolExists.c.o  -o cmTC_7a3ae 
CMakeFiles/cmTC_7a3ae.dir/CheckSymbolExists.c.o: In function `main':
CheckSymbolExists.c:(.text+0x1b): undefined reference to `pthread_create'
collect2: error: ld returned 1 exit status
CMakeFiles/cmTC_7a3ae.dir/build.make:97: recipe for target 'cmTC_7a3ae' failed
make[1]: *** [cmTC_7a3ae] Error 1
make[1]: 디렉터리 '/home/mrjohd/Quadrupeds_ws/build_isolated/xpp_popi/CMakeFiles/CMakeTmp' 나감
Makefile:126: recipe for target 'cmTC_7a3ae/fast' failed
make: *** [cmTC_7a3ae/fast] Error 2

File /home/mrjohd/Quadrupeds_ws/build_isolated/xpp_popi/CMakeFiles/CMakeTmp/CheckSymbolExists.c:
/* */
#include <pthread.h>

int main(int argc, char** argv)
{
  (void)argv;
#ifndef pthread_create
  return ((int*)(&pthread_create))[argc];
#else
  (void)argc;
  return 0;
#endif
}

Determining if the function pthread_create exists in the pthreads failed with the following output:
Change Dir: /home/mrjohd/Quadrupeds_ws/build_isolated/xpp_popi/CMakeFiles/CMakeTmp

Run Build Command:"/usr/bin/make" "cmTC_e7512/fast"
/usr/bin/make -f CMakeFiles/cmTC_e7512.dir/build.make CMakeFiles/cmTC_e7512.dir/build
make[1]: 디렉터리 '/home/mrjohd/Quadrupeds_ws/build_isolated/xpp_popi/CMakeFiles/CMakeTmp' 들어감
Building C object CMakeFiles/cmTC_e7512.dir/CheckFunctionExists.c.o
/usr/bin/cc   -DCHECK_FUNCTION_EXISTS=pthread_create   -o CMakeFiles/cmTC_e7512.dir/CheckFunctionExists.c.o   -c /usr/share/cmake-3.10/Modules/CheckFunctionExists.c
Linking C executable cmTC_e7512
/usr/bin/cmake -E cmake_link_script CMakeFiles/cmTC_e7512.dir/link.txt --verbose=1
/usr/bin/cc  -DCHECK_FUNCTION_EXISTS=pthread_create    -rdynamic CMakeFiles/cmTC_e7512.dir/CheckFunctionExists.c.o  -o cmTC_e7512 -lpthreads 
/usr/bin/ld: cannot find -lpthreads
collect2: error: ld returned 1 exit status
CMakeFiles/cmTC_e7512.dir/build.make:97: recipe for target 'cmTC_e7512' failed
make[1]: *** [cmTC_e7512] Error 1
make[1]: 디렉터리 '/home/mrjohd/Quadrupeds_ws/build_isolated/xpp_popi/CMakeFiles/CMakeTmp' 나감
Makefile:126: recipe for target 'cmTC_e7512/fast' failed
make: *** [cmTC_e7512/fast] Error 2


